<?xml version="1.0" encoding="UTF-8"?>
<!-- Generated by org.testng.reporters.JUnitReportReporter -->
<testsuite hostname="Nischal" name="com.automation.qa.testcases.LoginPageTest" tests="2" failures="0" timestamp="16 Sep 2018 11:02:23 GMT" time="56.354" errors="0">
  <testcase name="loginPageTest" time="41.442" classname="com.automation.qa.testcases.LoginPageTest"/>
  <testcase name="validateCreateAccountPageTitleTest" time="14.912" classname="com.automation.qa.testcases.LoginPageTest"/>
</testsuite> <!-- com.automation.qa.testcases.LoginPageTest -->
