<?xml version="1.0" encoding="UTF-8"?>
<!-- Generated by org.testng.reporters.JUnitReportReporter -->
<testsuite hostname="Nischal" name="newtestngproject.newtestng.TestNGPractice" tests="2" failures="0" timestamp="16 Sep 2018 11:05:11 GMT" time="0.003" errors="0">
  <testcase name="verifyTitle" time="0.001" classname="newtestngproject.newtestng.TestNGPractice"/>
  <testcase name="verifyCurrentURL" time="0.002" classname="newtestngproject.newtestng.TestNGPractice"/>
</testsuite> <!-- newtestngproject.newtestng.TestNGPractice -->
