<?xml version="1.0" encoding="UTF-8"?>
<!-- Generated by org.testng.reporters.JUnitReportReporter -->
<testsuite skipped="0" hostname="Nischal" name="newtestngproject.newtestng.GoogleLaunch" tests="2" failures="0" timestamp="16 Sep 2018 10:55:58 GMT" time="0.020" errors="0">
  <testcase name="VerifyTheTile" time="0.007" classname="newtestngproject.newtestng.GoogleLaunch"/>
  <testcase name="VerifyTheCurrentURL" time="0.013" classname="newtestngproject.newtestng.GoogleLaunch"/>
</testsuite> <!-- newtestngproject.newtestng.GoogleLaunch -->
