<?xml version="1.0" encoding="UTF-8"?>
<!-- Generated by org.testng.reporters.JUnitReportReporter -->
<testsuite skipped="0" hostname="Nischal" name="newtestngproject.newtestng.TestNGPractice" tests="2" failures="0" timestamp="16 Sep 2018 07:33:33 GMT" time="0.007" errors="0">
  <testcase name="verifyCurrentURL" time="0.004" classname="newtestngproject.newtestng.TestNGPractice"/>
  <testcase name="verifyTitle" time="0.003" classname="newtestngproject.newtestng.TestNGPractice"/>
</testsuite> <!-- newtestngproject.newtestng.TestNGPractice -->
